WARNING 2026-01-28 00:06:32,929 verify_config FaMÌ Configuration Verification Test Warning
WARNING 2026-01-28 00:09:59,561 utils Setting key 'NON_EXISTENT' not found. Using default.
ERROR 2026-01-28 00:14:18,203 exception Invalid HTTP_HOST header: 'testserver'. You may need to add 'testserver' to ALLOWED_HOSTS.
Traceback (most recent call last):
  File "/Users/doanvinhnhan/Downloads/XYZ/Báo cáo CK/fami_backend/venv/lib/python3.12/site-packages/django/core/handlers/exception.py", line 55, in inner
    response = get_response(request)
               ^^^^^^^^^^^^^^^^^^^^^
  File "/Users/doanvinhnhan/Downloads/XYZ/Báo cáo CK/fami_backend/venv/lib/python3.12/site-packages/django/utils/deprecation.py", line 133, in __call__
    response = self.process_request(request)
               ^^^^^^^^^^^^^^^^^^^^^^^^^^^^^
  File "/Users/doanvinhnhan/Downloads/XYZ/Báo cáo CK/fami_backend/venv/lib/python3.12/site-packages/django/middleware/common.py", line 48, in process_request
    host = request.get_host()
           ^^^^^^^^^^^^^^^^^^
  File "/Users/doanvinhnhan/Downloads/XYZ/Báo cáo CK/fami_backend/venv/lib/python3.12/site-packages/django/http/request.py", line 151, in get_host
    raise DisallowedHost(msg)
django.core.exceptions.DisallowedHost: Invalid HTTP_HOST header: 'testserver'. You may need to add 'testserver' to ALLOWED_HOSTS.
WARNING 2026-01-28 00:14:18,265 log Bad Request: /login/
ERROR 2026-01-28 00:14:18,266 exception Invalid HTTP_HOST header: 'testserver'. You may need to add 'testserver' to ALLOWED_HOSTS.
Traceback (most recent call last):
  File "/Users/doanvinhnhan/Downloads/XYZ/Báo cáo CK/fami_backend/venv/lib/python3.12/site-packages/django/core/handlers/exception.py", line 55, in inner
    response = get_response(request)
               ^^^^^^^^^^^^^^^^^^^^^
  File "/Users/doanvinhnhan/Downloads/XYZ/Báo cáo CK/fami_backend/venv/lib/python3.12/site-packages/django/utils/deprecation.py", line 133, in __call__
    response = self.process_request(request)
               ^^^^^^^^^^^^^^^^^^^^^^^^^^^^^
  File "/Users/doanvinhnhan/Downloads/XYZ/Báo cáo CK/fami_backend/venv/lib/python3.12/site-packages/django/middleware/common.py", line 48, in process_request
    host = request.get_host()
           ^^^^^^^^^^^^^^^^^^
  File "/Users/doanvinhnhan/Downloads/XYZ/Báo cáo CK/fami_backend/venv/lib/python3.12/site-packages/django/http/request.py", line 151, in get_host
    raise DisallowedHost(msg)
django.core.exceptions.DisallowedHost: Invalid HTTP_HOST header: 'testserver'. You may need to add 'testserver' to ALLOWED_HOSTS.
WARNING 2026-01-28 00:14:18,284 log Bad Request: /dashboard/
